<?xml version="1.0" encoding="UTF-8"?>
<!-- Generated by org.testng.reporters.JUnitReportReporter -->
<testsuite skipped="0" hostname="PRIYA-PC" name="testcases.OrangeHrmLogin" tests="1" failures="0" timestamp="17 Jan 2018 12:27:46 GMT" time="16.338" errors="0">
  <testcase name="login" time="16.338" classname="testcases.OrangeHrmLogin"/>
</testsuite> <!-- testcases.OrangeHrmLogin -->
