<?xml version="1.0" encoding="UTF-8"?>
<!-- Generated by org.testng.reporters.JUnitReportReporter -->
<testsuite skipped="0" hostname="PRIYA-PC" name="testcases.Checkscreen" tests="1" failures="0" timestamp="17 Jan 2018 11:46:29 GMT" time="8.795" errors="0">
  <testcase name="check" time="8.795" classname="testcases.Checkscreen"/>
</testsuite> <!-- testcases.Checkscreen -->
