<?xml version="1.0" encoding="UTF-8"?>
<!-- Generated by org.testng.reporters.JUnitReportReporter -->
<testsuite hostname="PRIYA-PC" name="testcases.OrangeHrmLoginTest" tests="1" failures="0" timestamp="19 Jan 2018 19:34:23 GMT" time="20.548" errors="0">
  <testcase name="login" time="20.548" classname="testcases.OrangeHrmLoginTest"/>
</testsuite> <!-- testcases.OrangeHrmLoginTest -->
